SF:lib/common/failure.dart
DA:6,9
DA:8,0
DA:9,0
DA:13,15
DA:17,0
DA:21,0
DA:25,5
DA:29,0
LF:8
LH:3
end_of_record
SF:lib/domain/entitites/movie/movie.dart
DA:4,6
DA:19,1
DA:39,2
DA:40,2
DA:41,2
DA:42,2
DA:43,2
DA:44,2
DA:45,2
DA:46,2
DA:47,2
DA:48,2
DA:49,2
DA:50,2
DA:51,2
DA:52,2
DA:53,2
LF:17
LH:17
end_of_record
SF:lib/domain/usecase/movie/now_playing_usecase.dart
DA:9,0
DA:11,0
DA:12,0
LF:3
LH:0
end_of_record
SF:lib/domain/usecase/movie/popular_movie_usecase.dart
DA:9,0
DA:11,0
DA:12,0
LF:3
LH:0
end_of_record
SF:lib/domain/usecase/movie/top_rated_movie_usecase.dart
DA:9,0
DA:11,0
DA:12,0
LF:3
LH:0
end_of_record
SF:lib/presentation/provider/movie/popular_movie_notifier.dart
DA:9,1
DA:13,2
DA:17,2
DA:21,2
DA:23,1
DA:24,1
DA:25,1
DA:27,2
DA:28,2
DA:29,2
DA:30,1
DA:31,1
DA:32,1
DA:33,1
DA:34,1
DA:35,1
LF:16
LH:16
end_of_record
SF:lib/domain/entitites/movie/genre.dart
DA:6,4
DA:9,0
DA:11,1
DA:12,3
LF:4
LH:3
end_of_record
SF:lib/domain/entitites/movie/movie_detail.dart
DA:6,3
DA:30,0
DA:31,0
DA:32,0
DA:33,0
DA:34,0
DA:35,0
DA:36,0
DA:37,0
DA:38,0
DA:39,0
DA:40,0
DA:41,0
DA:42,0
DA:43,0
DA:44,0
DA:45,0
DA:46,0
DA:47,0
DA:48,0
DA:49,0
DA:50,0
DA:75,0
DA:76,0
DA:77,0
DA:78,0
DA:79,0
DA:80,0
DA:81,0
DA:82,0
DA:83,0
DA:84,0
DA:85,0
DA:86,0
DA:87,0
DA:88,0
DA:89,0
DA:90,0
DA:91,0
DA:92,0
DA:93,0
DA:94,0
DA:95,0
DA:96,0
DA:97,0
LF:45
LH:1
end_of_record
SF:lib/data/models/movie/movie_table.dart
DA:13,0
DA:19,0
DA:20,0
DA:21,0
DA:22,0
DA:23,0
DA:25,0
DA:26,0
DA:27,0
DA:28,0
DA:29,0
DA:32,0
DA:33,0
DA:34,0
DA:35,0
DA:36,0
DA:38,0
DA:39,0
DA:40,0
DA:41,0
DA:42,0
DA:45,0
DA:46,0
DA:48,0
DA:49,0
DA:50,0
DA:51,0
DA:52,0
DA:53,0
LF:29
LH:0
end_of_record
SF:lib/data/models/tv/tv_table.dart
DA:12,0
DA:18,0
DA:19,0
DA:20,0
DA:21,0
DA:22,0
DA:24,0
DA:25,0
DA:26,0
DA:27,0
DA:28,0
DA:31,0
DA:32,0
DA:33,0
DA:34,0
DA:35,0
DA:36,0
DA:37,0
DA:38,0
DA:39,0
DA:40,0
DA:43,0
DA:44,0
DA:45,0
DA:46,0
DA:47,0
DA:50,0
DA:51,0
DA:52,0
DA:53,0
DA:54,0
DA:55,0
LF:32
LH:0
end_of_record
SF:lib/domain/entitites/tv/tv.dart
DA:4,3
DA:18,0
DA:37,1
DA:38,1
DA:39,1
DA:40,1
DA:41,1
DA:42,1
DA:43,1
DA:44,1
DA:45,1
DA:46,1
DA:47,1
DA:48,1
DA:49,1
LF:15
LH:14
end_of_record
SF:lib/domain/entitites/tv/tv_detail.dart
DA:6,1
DA:50,0
DA:51,0
DA:52,0
DA:53,0
DA:54,0
DA:55,0
DA:56,0
DA:57,0
DA:58,0
DA:59,0
DA:60,0
DA:61,0
DA:62,0
DA:63,0
DA:64,0
DA:65,0
DA:66,0
DA:67,0
DA:68,0
DA:69,0
DA:70,0
DA:71,0
LF:23
LH:1
end_of_record
SF:lib/domain/usecase/movie/detail_movie_usecase.dart
DA:9,0
DA:11,0
DA:12,0
LF:3
LH:0
end_of_record
SF:lib/domain/usecase/movie/recommended_movie_usecase.dart
DA:9,0
DA:11,0
DA:12,0
LF:3
LH:0
end_of_record
SF:lib/domain/usecase/movie/remove_watchlist_usecase.dart
DA:9,0
DA:11,0
DA:12,0
LF:3
LH:0
end_of_record
SF:lib/domain/usecase/movie/save_watchlist_usecase.dart
DA:9,0
DA:11,0
LF:2
LH:0
end_of_record
SF:lib/domain/usecase/movie/watchlist_movie_status_usecase.dart
DA:7,0
DA:9,0
DA:10,0
LF:3
LH:0
end_of_record
SF:lib/presentation/provider/movie/detail_movie_notifier.dart
DA:21,1
DA:31,2
DA:34,2
DA:37,2
DA:40,2
DA:42,2
DA:45,2
DA:48,2
DA:50,1
DA:51,1
DA:52,1
DA:54,2
DA:56,2
DA:57,2
DA:58,1
DA:59,2
DA:60,1
DA:61,1
DA:62,1
DA:63,1
DA:64,1
DA:65,1
DA:66,1
DA:67,2
DA:68,1
DA:69,2
DA:70,1
DA:71,1
DA:72,1
DA:77,1
DA:78,2
DA:79,2
DA:80,2
DA:81,1
DA:82,1
DA:84,2
DA:87,1
DA:88,2
DA:89,1
DA:90,1
DA:93,1
DA:94,2
DA:95,1
DA:96,0
DA:97,1
DA:98,1
DA:100,2
LF:47
LH:46
end_of_record
SF:lib/data/models/movie/movie_model.dart
DA:5,2
DA:35,2
DA:36,1
DA:37,1
DA:38,4
DA:39,1
DA:40,1
DA:41,1
DA:42,2
DA:43,1
DA:44,1
DA:45,1
DA:46,1
DA:47,2
DA:48,1
DA:51,2
DA:52,1
DA:53,1
DA:54,4
DA:55,1
DA:56,1
DA:57,1
DA:58,1
DA:59,1
DA:60,1
DA:61,1
DA:62,1
DA:63,1
DA:64,1
DA:67,1
DA:68,1
DA:69,1
DA:70,1
DA:71,1
DA:72,1
DA:73,1
DA:74,1
DA:75,1
DA:76,1
DA:77,1
DA:78,1
DA:79,1
DA:80,1
DA:81,1
DA:84,1
DA:85,1
DA:86,1
DA:87,1
DA:88,1
DA:89,1
DA:90,1
DA:91,1
DA:92,1
DA:93,1
DA:94,1
DA:95,1
DA:96,1
DA:97,1
DA:98,1
LF:59
LH:59
end_of_record
SF:lib/data/models/tv/tv_model.dart
DA:21,2
DA:35,1
DA:36,1
DA:37,1
DA:38,0
DA:39,0
DA:40,0
DA:41,0
DA:42,0
DA:43,0
DA:44,0
DA:45,0
DA:46,0
DA:47,0
DA:49,1
DA:50,1
DA:51,1
DA:52,1
DA:53,1
DA:54,1
DA:55,1
DA:56,1
DA:57,1
DA:58,1
DA:59,1
DA:60,1
DA:61,1
DA:64,2
DA:65,1
DA:66,1
DA:67,4
DA:68,1
DA:69,1
DA:70,1
DA:71,1
DA:72,1
DA:73,1
DA:74,1
DA:75,1
DA:76,1
DA:79,0
DA:80,0
LF:42
LH:30
end_of_record
SF:lib/domain/entitites/tv/season.dart
DA:4,0
DA:20,0
DA:21,0
DA:22,0
DA:23,0
DA:24,0
DA:25,0
DA:26,0
DA:27,0
LF:9
LH:0
end_of_record
SF:lib/presentation/provider/movie/list_movie_notifier.dart
DA:17,2
DA:20,2
DA:24,2
DA:27,2
DA:31,2
DA:34,2
DA:38,2
DA:42,0
DA:44,1
DA:68,0
DA:69,0
DA:71,0
DA:72,0
DA:73,0
DA:74,0
DA:75,0
DA:76,0
DA:78,0
DA:81,0
DA:84,1
DA:85,1
DA:86,1
DA:88,2
DA:89,1
DA:90,1
DA:91,1
DA:92,2
DA:93,1
DA:95,1
DA:96,1
DA:97,1
DA:98,1
DA:99,3
DA:104,1
DA:105,1
DA:106,1
DA:108,2
DA:109,2
DA:110,1
DA:111,2
DA:112,1
DA:113,1
DA:114,1
DA:115,1
DA:116,1
DA:120,1
DA:121,1
DA:122,1
DA:124,2
DA:125,2
DA:126,1
DA:127,2
DA:128,1
DA:129,1
DA:130,1
DA:131,1
DA:132,1
LF:57
LH:46
end_of_record
SF:lib/data/models/movie/movie_response_model.dart
DA:7,1
DA:9,2
DA:10,2
DA:11,3
DA:12,3
DA:15,2
DA:16,5
DA:19,1
DA:20,2
LF:9
LH:9
end_of_record
SF:lib/common/constant.dart
DA:21,2
DA:22,1
DA:23,6
DA:25,3
DA:27,3
DA:31,3
DA:32,1
DA:33,1
DA:34,1
DA:35,1
LF:10
LH:10
end_of_record
SF:lib/common/exception.dart
DA:6,0
DA:12,0
LF:2
LH:0
end_of_record
SF:lib/common/network.dart
DA:10,0
DA:12,0
DA:13,0
LF:3
LH:0
end_of_record
SF:lib/common/utils.dart
DA:5,3
LF:1
LH:1
end_of_record
SF:lib/data/datasource/helper/movie_database_helper.dart
DA:7,0
DA:11,0
DA:15,0
DA:16,0
DA:23,0
DA:24,0
DA:25,0
DA:27,0
DA:31,0
DA:32,0
DA:39,0
DA:40,0
DA:48,0
DA:51,0
DA:53,0
DA:54,0
DA:55,0
DA:56,0
DA:57,0
DA:58,0
DA:63,0
DA:64,0
DA:65,0
DA:68,0
DA:74,0
DA:75,0
DA:76,0
DA:79,0
DA:83,0
DA:84,0
DA:85,0
DA:88,0
DA:89,0
DA:90,0
DA:93,0
DA:97,0
DA:98,0
DA:99,0
DA:102,0
DA:105,0
DA:106,0
DA:112,0
DA:113,0
DA:114,0
LF:44
LH:0
end_of_record
SF:lib/data/datasource/helper/shared_preference_helper.dart
DA:4,0
DA:5,0
DA:6,0
DA:10,0
DA:11,0
DA:12,0
DA:15,0
DA:16,0
DA:17,0
LF:9
LH:0
end_of_record
SF:lib/data/datasource/helper/tv_database_helper.dart
DA:6,0
DA:10,0
DA:11,0
DA:14,0
DA:15,0
DA:22,0
DA:23,0
DA:24,0
DA:25,0
DA:29,0
DA:30,0
DA:37,0
DA:38,0
DA:46,0
DA:49,0
DA:51,0
DA:52,0
DA:53,0
DA:54,0
DA:55,0
DA:56,0
DA:61,0
DA:62,0
DA:63,0
DA:66,0
DA:71,0
DA:72,0
DA:73,0
DA:76,0
DA:80,0
DA:81,0
DA:82,0
DA:85,0
DA:86,0
DA:87,0
DA:90,0
DA:94,0
DA:95,0
DA:96,0
DA:99,0
DA:101,0
DA:102,0
DA:108,0
DA:109,0
DA:110,0
LF:45
LH:0
end_of_record
SF:lib/data/datasource/local/movie/impl/local_data_source_movie_impl.dart
DA:12,0
DA:15,0
DA:18,0
DA:21,0
DA:25,0
DA:28,0
DA:31,0
DA:35,0
DA:37,0
DA:39,0
DA:45,0
DA:47,0
DA:48,0
DA:51,0
DA:53,0
DA:54,0
DA:55,0
DA:57,0
DA:61,0
DA:63,0
DA:64,0
DA:67,0
DA:69,0
DA:72,0
DA:75,0
DA:78,0
DA:82,0
DA:85,0
DA:88,0
LF:29
LH:0
end_of_record
SF:lib/data/datasource/local/tv/impl/local_data_source_tv_impl.dart
DA:10,0
DA:12,0
DA:15,0
DA:17,0
DA:23,0
DA:25,0
DA:26,0
DA:29,0
DA:32,0
DA:35,0
DA:39,0
DA:42,0
DA:45,0
LF:13
LH:0
end_of_record
SF:lib/data/datasource/remote/impl/remote_data_source_impl.dart
DA:17,0
DA:19,0
DA:21,0
DA:22,0
DA:23,0
DA:24,0
DA:26,0
DA:30,0
DA:32,0
DA:33,0
DA:34,0
DA:35,0
DA:37,0
DA:42,0
DA:44,0
DA:46,0
DA:47,0
DA:48,0
DA:49,0
DA:51,0
DA:52,0
DA:57,0
DA:60,0
DA:61,0
DA:62,0
DA:64,0
DA:68,0
DA:70,0
DA:71,0
DA:72,0
DA:74,0
DA:79,0
DA:81,0
DA:82,0
DA:83,0
DA:84,0
DA:86,0
DA:89,0
DA:91,0
DA:92,0
DA:93,0
DA:94,0
DA:96,0
DA:100,0
DA:103,0
DA:104,0
DA:105,0
DA:106,0
DA:108,0
DA:113,0
DA:116,0
DA:118,0
DA:119,0
DA:121,0
DA:126,0
DA:129,0
DA:131,0
DA:132,0
DA:134,0
DA:139,0
DA:142,0
DA:143,0
DA:144,0
DA:146,0
DA:150,0
DA:153,0
DA:154,0
DA:155,0
DA:157,0
DA:161,0
DA:164,0
DA:165,0
DA:166,0
DA:168,0
LF:74
LH:0
end_of_record
SF:lib/data/models/tv/tv_detail_model.dart
DA:7,0
DA:58,0
DA:59,0
DA:60,0
DA:61,0
DA:62,0
DA:63,0
DA:64,0
DA:65,0
DA:66,0
DA:67,0
DA:68,0
DA:69,0
DA:70,0
DA:71,0
DA:72,0
DA:73,0
DA:74,0
DA:75,0
DA:76,0
DA:77,0
DA:78,0
DA:79,0
DA:80,0
DA:81,0
DA:82,0
DA:83,0
DA:86,0
DA:87,0
DA:88,0
DA:89,0
DA:90,0
DA:92,0
DA:93,0
DA:94,0
DA:95,0
DA:97,0
DA:98,0
DA:99,0
DA:100,0
DA:101,0
DA:102,0
DA:103,0
DA:104,0
DA:105,0
DA:106,0
DA:107,0
DA:108,0
DA:109,0
DA:110,0
DA:111,0
DA:114,0
DA:115,0
DA:116,0
DA:117,0
DA:118,0
DA:119,0
DA:120,0
DA:121,0
DA:122,0
DA:123,0
DA:124,0
DA:125,0
DA:126,0
DA:127,0
DA:128,0
DA:129,0
DA:130,0
DA:131,0
DA:132,0
DA:133,0
DA:134,0
DA:135,0
DA:138,0
DA:140,0
DA:141,0
DA:142,0
DA:143,0
DA:144,0
DA:145,0
DA:146,0
DA:147,0
DA:148,0
DA:149,0
DA:150,0
DA:151,0
DA:152,0
DA:153,0
DA:154,0
DA:155,0
DA:156,0
DA:157,0
DA:158,0
DA:159,0
DA:160,0
DA:161,0
DA:162,0
DA:163,0
LF:98
LH:0
end_of_record
SF:lib/data/models/movie/movie_detail_model.dart
DA:6,0
DA:52,0
DA:53,0
DA:54,0
DA:55,0
DA:56,0
DA:57,0
DA:58,0
DA:59,0
DA:60,0
DA:61,0
DA:62,0
DA:63,0
DA:64,0
DA:65,0
DA:66,0
DA:67,0
DA:68,0
DA:69,0
DA:70,0
DA:71,0
DA:72,0
DA:73,0
DA:74,0
DA:75,0
DA:77,0
DA:78,0
DA:79,0
DA:80,0
DA:81,0
DA:82,0
DA:83,0
DA:84,0
DA:85,0
DA:86,0
DA:87,0
DA:88,0
DA:89,0
DA:90,0
DA:91,0
DA:92,0
DA:93,0
DA:94,0
DA:95,0
DA:96,0
DA:97,0
DA:98,0
DA:101,0
DA:102,0
DA:103,0
DA:104,0
DA:105,0
DA:106,0
DA:107,0
DA:108,0
DA:109,0
DA:110,0
DA:111,0
DA:112,0
DA:113,0
DA:114,0
DA:115,0
DA:116,0
DA:117,0
DA:118,0
DA:119,0
DA:120,0
DA:121,0
DA:126,0
DA:127,0
DA:128,0
DA:129,0
DA:130,0
DA:131,0
DA:132,0
DA:133,0
DA:134,0
DA:135,0
DA:136,0
DA:137,0
DA:138,0
DA:139,0
DA:140,0
DA:141,0
DA:142,0
DA:143,0
DA:144,0
DA:145,0
DA:146,0
LF:89
LH:0
end_of_record
SF:lib/data/models/tv/tv_response_model.dart
DA:7,1
DA:9,1
DA:10,2
DA:11,3
DA:12,1
DA:15,2
DA:16,5
DA:19,0
DA:20,0
LF:9
LH:7
end_of_record
SF:lib/data/models/movie/genre_model.dart
DA:8,1
DA:10,0
DA:11,0
DA:13,0
DA:15,4
DA:17,0
DA:18,0
LF:7
LH:2
end_of_record
SF:lib/data/models/other/menu_item_drawer.dart
DA:8,1
LF:1
LH:1
end_of_record
SF:lib/data/models/tv/season_model.dart
DA:5,0
DA:21,0
DA:22,0
DA:23,0
DA:24,0
DA:25,0
DA:26,0
DA:27,0
DA:30,0
DA:31,0
DA:32,0
DA:33,0
DA:34,0
DA:35,0
DA:36,0
DA:39,0
DA:40,0
DA:41,0
DA:42,0
DA:43,0
DA:44,0
DA:45,0
DA:47,0
DA:48,0
DA:49,0
DA:50,0
DA:51,0
DA:52,0
DA:53,0
DA:54,0
LF:30
LH:0
end_of_record
SF:lib/data/repository/movie_repository_impl.dart
DA:19,0
DA:24,0
DA:26,0
DA:28,0
DA:29,0
DA:30,0
DA:31,0
DA:32,0
DA:33,0
DA:34,0
DA:35,0
DA:36,0
DA:40,0
DA:41,0
DA:42,0
DA:43,0
DA:48,0
DA:51,0
DA:52,0
DA:53,0
DA:54,0
DA:55,0
DA:56,0
DA:60,0
DA:63,0
DA:64,0
DA:65,0
DA:66,0
DA:67,0
DA:68,0
DA:72,0
DA:75,0
DA:76,0
DA:77,0
DA:78,0
DA:79,0
DA:80,0
DA:84,0
DA:87,0
DA:88,0
DA:89,0
DA:90,0
DA:91,0
DA:92,0
DA:96,0
DA:98,0
DA:99,0
DA:102,0
DA:104,0
DA:108,0
DA:112,0
DA:113,0
DA:114,0
DA:115,0
DA:119,0
DA:123,0
DA:124,0
DA:125,0
DA:126,0
DA:132,0
DA:135,0
DA:136,0
DA:137,0
DA:138,0
DA:139,0
DA:140,0
DA:144,0
DA:147,0
DA:148,0
DA:149,0
DA:150,0
DA:156,0
DA:159,0
DA:160,0
DA:161,0
DA:162,0
DA:168,0
DA:171,0
DA:172,0
DA:173,0
DA:174,0
LF:81
LH:0
end_of_record
SF:lib/data/repository/tv_repository_impl.dart
DA:21,0
DA:27,0
DA:31,0
DA:32,0
DA:33,0
DA:34,0
DA:35,0
DA:36,0
DA:40,0
DA:44,0
DA:45,0
DA:46,0
DA:47,0
DA:48,0
DA:49,0
DA:53,0
DA:57,0
DA:58,0
DA:59,0
DA:60,0
DA:61,0
DA:62,0
DA:66,0
DA:70,0
DA:71,0
DA:72,0
DA:73,0
DA:74,0
DA:75,0
DA:79,0
DA:83,0
DA:84,0
DA:85,0
DA:86,0
DA:87,0
DA:88,0
DA:92,0
DA:95,0
DA:96,0
DA:99,0
DA:102,0
DA:106,0
DA:110,0
DA:111,0
DA:112,0
DA:113,0
DA:114,0
DA:118,0
DA:122,0
DA:123,0
DA:124,0
DA:125,0
DA:126,0
DA:132,0
DA:136,0
DA:137,0
DA:138,0
DA:139,0
DA:140,0
DA:141,0
DA:145,0
DA:149,0
DA:150,0
DA:151,0
DA:152,0
DA:153,0
DA:154,0
LF:67
LH:0
end_of_record
SF:lib/di.dart
DA:55,3
DA:57,0
DA:59,0
DA:60,0
DA:61,0
DA:62,0
DA:68,0
DA:69,0
DA:70,0
DA:71,0
DA:72,0
DA:75,0
DA:76,0
DA:77,0
DA:78,0
DA:79,0
DA:80,0
DA:84,0
DA:85,0
DA:86,0
DA:87,0
DA:88,0
DA:89,0
DA:93,0
DA:94,0
DA:98,0
DA:99,0
DA:100,0
DA:103,0
DA:104,0
DA:105,0
DA:108,0
DA:109,0
DA:110,0
DA:111,0
DA:114,0
DA:115,0
DA:116,0
DA:117,0
DA:118,0
DA:121,0
DA:122,0
DA:123,0
DA:124,0
DA:127,0
DA:128,0
DA:129,0
DA:130,0
DA:131,0
DA:132,0
DA:135,0
DA:136,0
DA:137,0
DA:138,0
DA:141,0
DA:142,0
DA:143,0
DA:144,0
DA:147,0
DA:148,0
DA:149,0
DA:150,0
DA:154,0
DA:155,0
DA:156,0
DA:157,0
DA:161,0
DA:162,0
DA:163,0
DA:164,0
DA:165,0
DA:166,0
DA:169,0
DA:170,0
DA:173,0
DA:176,0
DA:177,0
LF:77
LH:1
end_of_record
SF:lib/domain/usecase/movie/history_search_usecase.dart
DA:7,0
DA:9,0
DA:10,0
DA:12,0
DA:13,0
DA:15,0
DA:16,0
LF:7
LH:0
end_of_record
SF:lib/domain/usecase/movie/search_movie_usecase.dart
DA:9,0
DA:11,0
LF:2
LH:0
end_of_record
SF:lib/domain/usecase/movie/watchlist_movie_usecase.dart
DA:9,0
DA:11,0
DA:12,0
LF:3
LH:0
end_of_record
SF:lib/domain/usecase/tv/airing_today_usecase.dart
DA:9,0
DA:11,0
DA:12,0
LF:3
LH:0
end_of_record
SF:lib/domain/usecase/tv/detail_tv_usecase.dart
DA:9,0
DA:11,0
DA:12,0
LF:3
LH:0
end_of_record
SF:lib/domain/usecase/tv/onair_tv_usecase.dart
DA:9,0
DA:11,0
DA:12,0
LF:3
LH:0
end_of_record
SF:lib/domain/usecase/tv/popular_tv_usecase.dart
DA:9,0
DA:11,0
DA:12,0
LF:3
LH:0
end_of_record
SF:lib/domain/usecase/tv/recommended_tv_usecase.dart
DA:9,0
DA:11,0
DA:12,0
LF:3
LH:0
end_of_record
SF:lib/domain/usecase/tv/remove_watchlist_tv_usecase.dart
DA:9,0
DA:11,0
DA:12,0
LF:3
LH:0
end_of_record
SF:lib/domain/usecase/tv/save_watchlist_tv)usecase.dart
DA:9,0
DA:11,0
DA:12,0
LF:3
LH:0
end_of_record
SF:lib/domain/usecase/tv/search_tv_usecase.dart
DA:9,0
DA:11,0
DA:12,0
LF:3
LH:0
end_of_record
SF:lib/domain/usecase/tv/top_rated_tv_usecase.dart
DA:9,0
DA:11,0
DA:12,0
LF:3
LH:0
end_of_record
SF:lib/domain/usecase/tv/watchlist_status_tv_usecae.dart
DA:9,0
DA:11,0
DA:12,0
LF:3
LH:0
end_of_record
SF:lib/domain/usecase/tv/watchlist_tv_usecase.dart
DA:9,0
DA:11,0
DA:12,0
LF:3
LH:0
end_of_record
SF:lib/presentation/provider/movie/search_movie_notifier.dart
DA:10,1
DA:14,2
DA:17,2
DA:20,0
DA:23,2
DA:26,0
DA:28,0
DA:29,0
DA:30,0
DA:33,1
DA:34,1
DA:35,1
DA:37,2
DA:38,2
DA:39,2
DA:40,1
DA:41,1
DA:42,1
DA:43,1
DA:44,1
DA:45,1
DA:49,0
DA:50,0
DA:51,0
DA:53,0
DA:54,0
DA:55,0
DA:56,0
DA:57,0
DA:58,0
DA:59,0
DA:61,0
DA:62,0
DA:63,0
DA:67,0
DA:68,0
DA:69,0
DA:71,0
DA:72,0
DA:73,0
DA:74,0
DA:75,0
DA:76,0
DA:77,0
DA:78,0
DA:79,0
DA:83,0
DA:84,0
DA:85,0
DA:87,0
DA:88,0
DA:89,0
DA:90,0
DA:91,0
DA:92,0
DA:93,0
DA:94,0
DA:95,0
LF:58
LH:16
end_of_record
SF:lib/presentation/provider/movie/top_rated_movie_notifier.dart
DA:11,1
DA:14,2
DA:17,2
DA:20,2
DA:22,1
DA:23,1
DA:24,1
DA:26,2
DA:28,2
DA:29,2
DA:30,1
DA:31,1
DA:32,1
DA:33,1
DA:34,1
DA:35,1
LF:16
LH:16
end_of_record
SF:lib/presentation/provider/movie/watchlist_movie_notifier.dart
DA:10,2
DA:13,2
DA:16,2
DA:18,1
DA:21,1
DA:22,1
DA:23,1
DA:25,2
DA:26,2
DA:27,1
DA:28,2
DA:29,1
DA:30,1
DA:31,1
DA:32,1
DA:33,1
LF:16
LH:16
end_of_record
SF:lib/presentation/provider/tv/tv_airing_today_notifier.dart
DA:11,0
DA:15,0
DA:19,0
DA:23,0
DA:25,0
DA:26,0
DA:28,0
DA:29,0
DA:30,0
DA:31,0
DA:32,0
DA:34,0
DA:35,0
DA:36,0
DA:37,0
LF:15
LH:0
end_of_record
SF:lib/presentation/provider/tv/tv_detail_notifier.dart
DA:25,1
DA:34,2
DA:37,2
DA:40,0
DA:43,2
DA:45,2
DA:48,2
DA:51,2
DA:54,1
DA:55,1
DA:56,1
DA:58,2
DA:59,2
DA:61,2
DA:62,1
DA:63,2
DA:64,1
DA:65,1
DA:66,1
DA:67,1
DA:68,1
DA:69,1
DA:70,1
DA:71,2
DA:72,1
DA:73,2
DA:74,1
DA:75,1
DA:76,1
DA:81,1
DA:82,2
DA:83,2
DA:84,2
DA:85,1
DA:86,1
DA:88,2
DA:91,1
DA:92,2
DA:93,1
DA:94,1
DA:97,1
DA:98,2
DA:99,1
DA:100,0
DA:101,1
DA:102,1
DA:104,2
LF:47
LH:45
end_of_record
SF:lib/presentation/provider/tv/tv_list_notifier.dart
DA:18,0
DA:28,0
DA:32,0
DA:35,0
DA:39,0
DA:42,0
DA:46,0
DA:49,0
DA:53,0
DA:56,0
DA:58,0
DA:59,0
DA:60,0
DA:62,0
DA:63,0
DA:64,0
DA:65,0
DA:66,0
DA:67,0
DA:68,0
DA:69,0
DA:70,0
DA:75,0
DA:76,0
DA:77,0
DA:79,0
DA:80,0
DA:81,0
DA:82,0
DA:83,0
DA:84,0
DA:85,0
DA:86,0
DA:87,0
DA:91,0
DA:92,0
DA:93,0
DA:95,0
DA:96,0
DA:97,0
DA:98,0
DA:99,0
DA:100,0
DA:101,0
DA:102,0
DA:103,0
DA:104,0
DA:108,0
DA:109,0
DA:110,0
DA:111,0
DA:112,0
DA:113,0
DA:114,0
DA:115,0
DA:116,0
DA:117,0
DA:118,0
DA:119,0
DA:120,0
LF:60
LH:0
end_of_record
SF:lib/presentation/provider/tv/tv_on_the_air_notifier.dart
DA:12,0
DA:15,0
DA:18,0
DA:21,0
DA:23,0
DA:24,0
DA:25,0
DA:27,0
DA:29,0
DA:30,0
DA:31,0
DA:32,0
DA:33,0
DA:34,0
DA:35,0
DA:36,0
LF:16
LH:0
end_of_record
SF:lib/presentation/provider/tv/tv_popular_notifier.dart
DA:13,1
DA:16,2
DA:19,2
DA:22,2
DA:24,1
DA:25,1
DA:26,1
DA:28,2
DA:29,2
DA:30,1
DA:31,2
DA:32,1
DA:33,1
DA:34,1
DA:35,1
DA:36,1
LF:16
LH:16
end_of_record
SF:lib/presentation/provider/tv/tv_search_notifier.dart
DA:11,0
DA:14,0
DA:17,0
DA:20,0
DA:22,0
DA:23,0
DA:24,0
DA:25,0
DA:26,0
DA:27,0
DA:28,0
DA:29,0
DA:30,0
DA:31,0
DA:32,0
DA:33,0
LF:16
LH:0
end_of_record
SF:lib/presentation/provider/tv/watchlist_tv_notifier.dart
DA:10,0
DA:13,0
DA:16,0
DA:18,0
DA:21,0
DA:22,0
DA:23,0
DA:25,0
DA:26,0
DA:27,0
DA:28,0
DA:29,0
DA:30,0
DA:31,0
DA:32,0
DA:33,0
LF:16
LH:0
end_of_record
SF:lib/main.dart
DA:35,0
DA:36,0
DA:37,0
DA:41,1
DA:43,1
DA:44,1
DA:45,1
DA:46,3
DA:48,1
DA:49,0
DA:51,1
DA:52,0
DA:54,1
DA:55,0
DA:57,1
DA:58,0
DA:60,1
DA:61,0
DA:63,1
DA:64,0
DA:66,1
DA:67,0
DA:69,1
DA:70,0
DA:72,1
DA:73,0
DA:75,1
DA:76,0
DA:78,1
DA:79,0
DA:81,1
DA:82,0
DA:85,1
DA:88,2
DA:91,2
DA:93,2
DA:94,0
DA:95,0
DA:96,0
DA:97,0
DA:98,0
DA:99,0
DA:100,0
DA:101,0
DA:102,0
DA:103,0
DA:104,0
DA:105,0
DA:106,0
DA:107,0
DA:108,0
DA:109,0
DA:110,0
DA:111,0
DA:112,0
DA:113,0
DA:114,0
DA:115,0
DA:116,0
DA:117,0
DA:118,0
DA:119,0
DA:120,0
DA:121,0
DA:122,0
DA:123,0
DA:124,0
DA:125,0
DA:126,0
DA:127,0
DA:128,0
DA:129,0
DA:131,0
LF:73
LH:21
end_of_record
SF:lib/presentation/pages/about_page.dart
DA:8,11
DA:10,0
DA:12,0
DA:13,0
DA:14,0
DA:16,0
DA:17,0
DA:18,0
LF:8
LH:1
end_of_record
SF:lib/presentation/pages/movies/home_page.dart
DA:21,11
DA:24,1
DA:26,1
DA:27,0
DA:29,0
DA:35,11
DA:37,0
DA:38,0
DA:43,0
DA:45,0
DA:46,0
DA:47,0
DA:48,0
DA:49,0
DA:50,0
DA:51,0
DA:54,0
DA:56,0
DA:57,0
DA:58,0
DA:59,0
DA:60,0
DA:61,0
DA:62,0
DA:65,0
DA:67,0
DA:68,0
DA:69,0
DA:71,0
DA:72,0
DA:73,0
DA:75,0
DA:77,0
DA:79,0
DA:80,0
DA:81,0
DA:82,0
DA:83,0
DA:84,0
DA:89,0
DA:91,0
DA:92,0
DA:94,0
DA:95,0
DA:96,0
DA:97,0
DA:98,0
DA:99,0
DA:100,0
DA:101,0
DA:103,0
DA:107,0
DA:109,0
DA:110,0
DA:113,0
DA:114,0
DA:115,0
DA:116,0
DA:117,0
DA:118,0
DA:119,0
DA:134,0
DA:135,0
DA:137,0
DA:138,0
DA:140,0
DA:142,0
DA:144,0
DA:146,0
DA:157,0
DA:161,0
DA:165,0
DA:166,0
DA:169,0
DA:172,0
DA:175,0
DA:179,0
DA:180,0
DA:181,0
DA:182,0
DA:184,0
DA:185,0
DA:186,0
DA:187,0
DA:189,0
DA:191,0
DA:198,0
DA:199,0
DA:201,0
DA:206,0
DA:217,0
DA:219,0
DA:221,0
DA:222,0
DA:223,0
DA:224,0
DA:229,0
DA:239,0
DA:240,0
DA:252,0
DA:256,0
DA:258,0
DA:259,0
DA:260,0
DA:261,0
DA:262,0
DA:264,0
DA:265,0
DA:266,0
DA:267,0
DA:268,0
DA:269,0
DA:271,0
DA:272,0
DA:273,0
DA:274,0
DA:275,0
DA:276,0
DA:280,0
DA:281,0
DA:296,0
DA:298,0
DA:300,0
DA:302,0
DA:303,0
DA:304,0
DA:306,0
DA:307,0
DA:308,0
DA:309,0
DA:311,0
DA:312,0
DA:313,0
DA:315,0
DA:316,0
DA:318,0
DA:320,0
DA:321,0
DA:322,0
DA:323,0
DA:325,0
LF:141
LH:4
end_of_record
SF:lib/presentation/pages/movies/movie_detail_page.dart
DA:17,2
DA:19,1
DA:20,1
DA:24,1
DA:26,1
DA:27,2
DA:28,5
DA:29,5
DA:33,1
DA:35,1
DA:36,1
DA:37,1
DA:38,2
DA:42,2
DA:43,1
DA:44,1
DA:45,1
DA:47,1
DA:48,1
DA:52,0
DA:65,1
DA:67,1
DA:69,3
DA:70,1
DA:71,1
DA:72,1
DA:73,3
DA:75,1
DA:78,0
DA:80,1
DA:82,1
DA:83,1
DA:84,1
DA:90,1
DA:91,1
DA:92,1
DA:94,1
DA:96,1
DA:98,1
DA:99,1
DA:101,1
DA:102,1
DA:103,0
DA:104,0
DA:105,0
DA:114,1
DA:115,0
DA:116,0
DA:117,0
DA:120,0
DA:122,0
DA:125,0
DA:128,0
DA:131,0
DA:132,0
DA:135,0
DA:138,0
DA:139,0
DA:140,0
DA:145,0
DA:147,0
DA:148,0
DA:149,0
DA:154,1
DA:163,4
DA:165,4
DA:167,4
DA:169,1
DA:170,1
DA:171,1
DA:172,3
DA:174,1
DA:178,4
DA:182,2
DA:183,3
DA:185,2
DA:186,1
DA:187,1
DA:188,2
DA:190,2
DA:191,0
DA:192,2
DA:193,1
DA:195,1
DA:197,2
DA:198,0
DA:199,0
DA:200,0
DA:202,0
DA:203,0
DA:204,0
DA:207,0
DA:210,0
DA:212,0
DA:213,0
DA:214,0
DA:217,0
DA:226,0
DA:234,1
DA:236,1
DA:249,1
DA:251,1
DA:254,1
DA:256,0
DA:264,1
DA:266,2
DA:267,3
DA:269,1
DA:272,3
DA:275,1
DA:276,1
DA:277,1
DA:278,1
DA:279,1
DA:281,0
LF:115
LH:77
end_of_record
SF:lib/presentation/pages/movies/popular_movies_page.dart
DA:10,11
DA:12,0
DA:13,0
DA:17,0
DA:19,0
DA:20,0
DA:22,0
DA:24,0
DA:25,0
DA:26,0
DA:28,0
DA:29,0
DA:30,0
DA:32,0
DA:33,0
DA:34,0
DA:35,0
DA:36,0
DA:37,0
DA:41,0
DA:43,0
LF:21
LH:1
end_of_record
SF:lib/presentation/pages/movies/top_rated_movies_page.dart
DA:12,13
DA:14,1
DA:15,1
DA:20,1
DA:23,1
DA:24,2
DA:25,2
DA:26,1
DA:29,1
DA:31,1
DA:32,1
DA:33,1
DA:35,1
DA:36,1
DA:37,2
DA:39,2
DA:40,1
DA:41,2
DA:42,0
DA:43,0
DA:44,0
DA:48,1
DA:50,2
LF:23
LH:20
end_of_record
SF:lib/presentation/pages/search/search_page.dart
DA:10,11
DA:12,0
DA:13,0
DA:17,0
DA:19,0
DA:20,0
DA:21,0
DA:22,0
DA:23,0
DA:24,0
DA:25,0
DA:28,0
DA:30,0
DA:32,0
DA:33,0
DA:36,0
DA:38,0
DA:40,0
DA:41,0
DA:43,0
DA:44,0
DA:46,0
DA:47,0
DA:48,0
DA:49,0
DA:54,0
DA:63,0
DA:64,0
DA:65,0
DA:66,0
DA:67,0
DA:71,0
DA:72,0
DA:79,0
DA:80,0
DA:81,0
DA:83,0
DA:87,0
DA:88,0
DA:90,0
DA:91,0
DA:92,0
DA:93,0
DA:96,0
DA:97,0
DA:98,0
DA:99,0
DA:101,0
DA:104,0
DA:105,0
DA:106,0
DA:109,0
DA:110,0
DA:111,0
DA:112,0
DA:114,0
DA:116,0
DA:117,0
DA:118,0
DA:119,0
DA:120,0
DA:123,0
DA:129,0
DA:135,0
DA:136,0
DA:137,0
DA:138,0
DA:139,0
DA:140,0
DA:145,0
DA:155,0
DA:156,0
DA:157,0
DA:159,0
DA:161,0
DA:162,0
DA:163,0
DA:164,0
LF:78
LH:1
end_of_record
SF:lib/presentation/pages/search/search_tv_page.dart
DA:11,11
DA:13,0
DA:14,0
DA:18,0
DA:20,0
DA:21,0
DA:22,0
DA:24,0
DA:26,0
DA:27,0
DA:28,0
DA:29,0
DA:30,0
DA:35,0
DA:45,0
DA:46,0
DA:51,0
DA:52,0
DA:53,0
DA:54,0
DA:56,0
DA:57,0
DA:58,0
DA:59,0
DA:60,0
DA:61,0
DA:62,0
DA:63,0
DA:68,0
LF:29
LH:1
end_of_record
SF:lib/presentation/pages/tv/airing_today_page.dart
DA:9,11
DA:11,0
DA:12,0
DA:17,0
DA:20,0
DA:21,0
DA:24,0
DA:26,0
DA:27,0
DA:28,0
DA:30,0
DA:31,0
DA:32,0
DA:34,0
DA:35,0
DA:36,0
DA:37,0
DA:38,0
DA:39,0
DA:43,0
DA:45,0
LF:21
LH:1
end_of_record
SF:lib/presentation/pages/tv/popular_tv_page.dart
DA:12,11
DA:14,0
DA:15,0
DA:20,0
DA:22,0
DA:23,0
DA:25,0
DA:27,0
DA:28,0
DA:29,0
DA:31,0
DA:32,0
DA:33,0
DA:35,0
DA:36,0
DA:37,0
DA:38,0
DA:39,0
DA:40,0
DA:44,0
DA:46,0
LF:21
LH:1
end_of_record
SF:lib/presentation/pages/tv/tv_detail_page.dart
DA:16,0
DA:18,0
DA:19,0
DA:23,0
DA:25,0
DA:26,0
DA:27,0
DA:28,0
DA:33,0
DA:35,0
DA:36,0
DA:37,0
DA:38,0
DA:42,0
DA:43,0
DA:44,0
DA:45,0
DA:47,0
DA:48,0
DA:52,0
DA:65,0
DA:67,0
DA:69,0
DA:70,0
DA:71,0
DA:72,0
DA:73,0
DA:75,0
DA:78,0
DA:80,0
DA:82,0
DA:83,0
DA:84,0
DA:90,0
DA:91,0
DA:92,0
DA:94,0
DA:96,0
DA:98,0
DA:99,0
DA:100,0
DA:101,0
DA:102,0
DA:103,0
DA:105,0
DA:107,0
DA:108,0
DA:109,0
DA:111,0
DA:113,0
DA:114,0
DA:115,0
DA:121,0
DA:123,0
DA:124,0
DA:129,0
DA:130,0
DA:131,0
DA:132,0
DA:133,0
DA:135,0
DA:138,0
DA:142,0
DA:143,0
DA:145,0
DA:146,0
DA:147,0
DA:148,0
DA:149,0
DA:150,0
DA:152,0
DA:153,0
DA:154,0
DA:155,0
DA:157,0
DA:159,0
DA:160,0
DA:161,0
DA:162,0
DA:164,0
DA:165,0
DA:166,0
DA:168,0
DA:170,0
DA:171,0
DA:172,0
DA:175,0
DA:184,0
DA:192,0
DA:194,0
DA:207,0
DA:209,0
DA:212,0
DA:214,0
DA:223,0
DA:224,0
DA:225,0
DA:227,0
DA:229,0
DA:231,0
DA:232,0
DA:233,0
DA:234,0
DA:236,0
DA:238,0
DA:239,0
DA:251,0
DA:253,0
DA:254,0
DA:256,0
DA:259,0
LF:111
LH:0
end_of_record
SF:lib/presentation/pages/tv/tv_on_the_air_page.dart
DA:12,11
DA:14,0
DA:15,0
DA:20,0
DA:22,0
DA:23,0
DA:24,0
DA:27,0
DA:29,0
DA:30,0
DA:31,0
DA:33,0
DA:34,0
DA:35,0
DA:37,0
DA:38,0
DA:39,0
DA:40,0
DA:41,0
DA:42,0
DA:43,0
DA:47,0
DA:49,0
LF:23
LH:1
end_of_record
SF:lib/presentation/pages/tv/tv_page.dart
DA:25,11
DA:27,0
DA:28,0
DA:32,0
DA:34,0
DA:35,0
DA:36,0
DA:37,0
DA:38,0
DA:39,0
DA:42,0
DA:44,0
DA:45,0
DA:47,0
DA:48,0
DA:50,0
DA:52,0
DA:53,0
DA:59,0
DA:61,0
DA:62,0
DA:64,0
DA:65,0
DA:67,0
DA:69,0
DA:70,0
DA:71,0
DA:72,0
DA:73,0
DA:74,0
DA:75,0
DA:77,0
DA:81,0
DA:83,0
DA:84,0
DA:86,0
DA:87,0
DA:88,0
DA:89,0
DA:90,0
DA:91,0
DA:92,0
DA:94,0
DA:98,0
DA:100,0
DA:101,0
DA:103,0
DA:104,0
DA:105,0
DA:106,0
DA:107,0
DA:108,0
DA:109,0
DA:111,0
DA:115,0
DA:117,0
DA:118,0
DA:120,0
DA:121,0
DA:122,0
DA:123,0
DA:124,0
DA:125,0
DA:127,0
DA:137,0
DA:138,0
DA:140,0
DA:141,0
DA:143,0
DA:145,0
DA:147,0
DA:149,0
DA:162,0
DA:164,0
DA:166,0
DA:168,0
DA:170,0
DA:171,0
DA:172,0
DA:173,0
DA:175,0
DA:176,0
DA:177,0
DA:178,0
DA:179,0
DA:181,0
DA:183,0
DA:184,0
DA:185,0
DA:186,0
DA:188,0
LF:91
LH:1
end_of_record
SF:lib/presentation/pages/watchlist/tab_pager.dart
DA:7,11
DA:9,0
DA:10,0
DA:17,0
DA:19,0
DA:20,0
DA:23,0
DA:25,0
DA:26,0
DA:29,0
DA:31,0
DA:32,0
DA:35,0
DA:37,0
DA:38,0
DA:39,0
DA:43,0
DA:44,0
DA:45,0
DA:46,0
DA:47,0
DA:48,0
DA:50,0
DA:55,0
DA:57,0
DA:58,0
DA:59,0
DA:60,0
DA:61,0
DA:63,0
DA:64,0
DA:74,0
DA:75,0
DA:77,0
DA:78,0
DA:94,0
DA:95,0
DA:96,0
LF:38
LH:1
end_of_record
SF:lib/presentation/pages/watchlist/watchlist_page.dart
DA:11,22
DA:13,0
DA:14,0
DA:20,0
DA:22,0
DA:23,0
DA:26,0
DA:28,0
DA:29,0
DA:32,0
DA:34,0
DA:36,0
DA:38,0
DA:39,0
DA:42,0
DA:44,0
DA:46,0
DA:47,0
DA:48,0
DA:50,0
DA:51,0
DA:52,0
DA:54,0
DA:55,0
DA:64,0
DA:65,0
DA:66,0
DA:67,0
DA:68,0
DA:72,0
DA:74,0
LF:31
LH:1
end_of_record
SF:lib/presentation/pages/watchlist/watchlist_tv_page.dart
DA:11,22
DA:13,0
DA:14,0
DA:20,0
DA:22,0
DA:23,0
DA:26,0
DA:28,0
DA:29,0
DA:32,0
DA:34,0
DA:35,0
DA:38,0
DA:40,0
DA:41,0
DA:45,0
DA:47,0
DA:49,0
DA:50,0
DA:51,0
DA:53,0
DA:54,0
DA:55,0
DA:57,0
DA:58,0
DA:67,0
DA:68,0
DA:69,0
DA:70,0
DA:71,0
DA:75,0
DA:77,0
LF:32
LH:1
end_of_record
SF:lib/presentation/pages/shimmer.dart
DA:4,0
DA:5,0
DA:8,0
DA:11,0
DA:12,0
DA:13,0
DA:14,0
DA:15,0
DA:23,0
DA:27,0
DA:29,0
DA:30,0
DA:31,0
DA:33,0
DA:34,0
LF:15
LH:0
end_of_record
SF:lib/presentation/widgets/card_movie.dart
DA:11,0
DA:13,0
DA:15,0
DA:17,0
DA:18,0
DA:19,0
DA:20,0
DA:22,0
DA:24,0
DA:25,0
DA:26,0
DA:29,0
DA:31,0
DA:32,0
DA:33,0
DA:36,0
DA:38,0
DA:39,0
DA:47,0
DA:49,0
DA:51,0
DA:52,0
DA:54,0
DA:57,0
LF:24
LH:0
end_of_record
SF:lib/presentation/widgets/card_tv.dart
DA:10,0
DA:12,0
DA:14,0
DA:16,0
DA:17,0
DA:18,0
DA:19,0
DA:21,0
DA:23,0
DA:24,0
DA:25,0
DA:28,0
DA:30,0
DA:31,0
DA:32,0
DA:35,0
DA:37,0
DA:38,0
DA:46,0
DA:48,0
DA:50,0
DA:51,0
DA:53,0
DA:56,0
LF:24
LH:0
end_of_record
